<?xml version="1.0" encoding="UTF-8"?>
<!-- Generated by org.testng.reporters.JUnitXMLReporter -->
<testsuite ignored="0" hostname="DESKTOP-LFL1V36" failures="1" tests="1" name="Test" time="18.548" errors="0" timestamp="2024-03-11T09:47:16 IST">
  <testcase classname="com.mystore.testcases.MainTest" name="verifyHomepage" time="3.722">
    <failure type="junit.framework.ComparisonFailure" message="expected:&amp;lt;......&amp;gt; but was:&amp;lt;...1...&amp;gt;">
      <![CDATA[junit.framework.ComparisonFailure: expected:<......> but was:<...1...>
at junit.framework.Assert.assertEquals(Assert.java:81)
at junit.framework.Assert.assertEquals(Assert.java:87)
at com.mystore.testcases.MainTest.verifyHomepage(MainTest.java:45)
at java.base/java.util.ArrayList.forEach(ArrayList.java:1596)
... Removed 25 stack frames]]>
    </failure>
  </testcase> <!-- verifyHomepage -->
</testsuite> <!-- Test -->
