<?xml version="1.0" encoding="UTF-8"?>
<testng-results ignored="0" total="1" passed="0" failed="1" skipped="0">
  <reporter-output>
  </reporter-output>
  <suite started-at="2024-03-11T09:46:57 IST" name="Suite" finished-at="2024-03-11T09:47:16 IST" duration-ms="18548">
    <groups>
    </groups>
    <test started-at="2024-03-11T09:46:57 IST" name="Test" finished-at="2024-03-11T09:47:16 IST" duration-ms="18548">
      <class name="com.mystore.testcases.MainTest">
        <test-method is-config="true" signature="launchBrowser()[pri:0, instance:com.mystore.testcases.MainTest@1e800aaa]" started-at="2024-03-11T09:46:57 IST" name="launchBrowser" finished-at="2024-03-11T09:47:04 IST" duration-ms="7407" status="PASS">
          <reporter-output>
          </reporter-output>
        </test-method> <!-- launchBrowser -->
        <test-method is-config="true" signature="verifyLoginPage()[pri:0, instance:com.mystore.testcases.MainTest@1e800aaa]" started-at="2024-03-11T09:47:04 IST" name="verifyLoginPage" finished-at="2024-03-11T09:47:09 IST" duration-ms="4301" status="PASS">
          <reporter-output>
          </reporter-output>
        </test-method> <!-- verifyLoginPage -->
        <test-method signature="verifyHomepage()[pri:0, instance:com.mystore.testcases.MainTest@1e800aaa]" started-at="2024-03-11T09:47:09 IST" name="verifyHomepage" finished-at="2024-03-11T09:47:12 IST" duration-ms="3722" status="FAIL">
          <exception class="junit.framework.ComparisonFailure">
            <message>
              <![CDATA[expected:<......> but was:<...1...>]]>
            </message>
            <full-stacktrace>
              <![CDATA[junit.framework.ComparisonFailure: expected:<......> but was:<...1...>
at junit.framework.Assert.assertEquals(Assert.java:81)
at junit.framework.Assert.assertEquals(Assert.java:87)
at com.mystore.testcases.MainTest.verifyHomepage(MainTest.java:45)
at java.base/jdk.internal.reflect.DirectMethodHandleAccessor.invoke(DirectMethodHandleAccessor.java:103)
at java.base/java.lang.reflect.Method.invoke(Method.java:580)
at org.testng.internal.invokers.MethodInvocationHelper.invokeMethod(MethodInvocationHelper.java:139)
at org.testng.internal.invokers.TestInvoker.invokeMethod(TestInvoker.java:664)
at org.testng.internal.invokers.TestInvoker.invokeTestMethod(TestInvoker.java:228)
at org.testng.internal.invokers.MethodRunner.runInSequence(MethodRunner.java:63)
at org.testng.internal.invokers.TestInvoker$MethodInvocationAgent.invoke(TestInvoker.java:961)
at org.testng.internal.invokers.TestInvoker.invokeTestMethods(TestInvoker.java:201)
at org.testng.internal.invokers.TestMethodWorker.invokeTestMethods(TestMethodWorker.java:148)
at org.testng.internal.invokers.TestMethodWorker.run(TestMethodWorker.java:128)
at java.base/java.util.ArrayList.forEach(ArrayList.java:1596)
at org.testng.TestRunner.privateRun(TestRunner.java:819)
at org.testng.TestRunner.run(TestRunner.java:619)
at org.testng.SuiteRunner.runTest(SuiteRunner.java:443)
at org.testng.SuiteRunner.runSequentially(SuiteRunner.java:437)
at org.testng.SuiteRunner.privateRun(SuiteRunner.java:397)
at org.testng.SuiteRunner.run(SuiteRunner.java:336)
at org.testng.SuiteRunnerWorker.runSuite(SuiteRunnerWorker.java:52)
at org.testng.SuiteRunnerWorker.run(SuiteRunnerWorker.java:95)
at org.testng.TestNG.runSuitesSequentially(TestNG.java:1301)
at org.testng.TestNG.runSuitesLocally(TestNG.java:1228)
at org.testng.TestNG.runSuites(TestNG.java:1134)
at org.testng.TestNG.run(TestNG.java:1101)
at org.testng.remote.AbstractRemoteTestNG.run(AbstractRemoteTestNG.java:115)
at org.testng.remote.RemoteTestNG.initAndRun(RemoteTestNG.java:251)
at org.testng.remote.RemoteTestNG.main(RemoteTestNG.java:77)
]]>
            </full-stacktrace>
          </exception> <!-- junit.framework.ComparisonFailure -->
          <reporter-output>
          </reporter-output>
        </test-method> <!-- verifyHomepage -->
        <test-method is-config="true" signature="verifyMovie()[pri:0, instance:com.mystore.testcases.MainTest@1e800aaa]" started-at="2024-03-11T09:47:13 IST" name="verifyMovie" finished-at="2024-03-11T09:47:15 IST" duration-ms="2752" status="PASS">
          <reporter-output>
          </reporter-output>
        </test-method> <!-- verifyMovie -->
        <test-method is-config="true" signature="closeTheBrowser()[pri:0, instance:com.mystore.testcases.MainTest@1e800aaa]" started-at="2024-03-11T09:47:15 IST" name="closeTheBrowser" finished-at="2024-03-11T09:47:16 IST" duration-ms="273" status="PASS">
          <reporter-output>
          </reporter-output>
        </test-method> <!-- closeTheBrowser -->
      </class> <!-- com.mystore.testcases.MainTest -->
    </test> <!-- Test -->
  </suite> <!-- Suite -->
</testng-results>
